2023-10-22 13:01:33.194 | INFO     | __main__:create_random_list:42 - Создан новый случайный список.
2023-10-22 13:02:47.005 | INFO     | __main__:create_random_list:43 - Создан новый случайный список.
2023-10-22 13:04:54.400 | INFO     | __main__:create_random_list:43 - Создан новый случайный список.
2023-10-22 13:04:55.714 | SUCCESS  | __main__:run_sorting:76 - Сравнение сортировки завершено.
2023-10-22 13:09:05.006 | INFO     | __main__:create_random_list:45 - Создан новый случайный список.
2023-10-22 13:09:19.359 | SUCCESS  | __main__:run_sorting:78 - Сравнение сортировки завершено.
2023-10-22 13:14:14.196 | DEBUG    | __main__:on_text_edit:84 - Значение обновлено!
2023-10-22 13:14:14.197 | DEBUG    | __main__:on_text_edit:85 - [1.0]
2023-10-22 13:14:18.503 | DEBUG    | __main__:on_text_edit:84 - Значение обновлено!
2023-10-22 13:14:18.503 | DEBUG    | __main__:on_text_edit:85 - [1.0]
2023-10-22 13:14:20.566 | DEBUG    | __main__:on_text_edit:84 - Значение обновлено!
2023-10-22 13:14:20.567 | DEBUG    | __main__:on_text_edit:85 - [1.0, 2.0]
2023-10-22 13:14:21.177 | DEBUG    | __main__:on_text_edit:84 - Значение обновлено!
2023-10-22 13:14:21.177 | DEBUG    | __main__:on_text_edit:85 - [1.0, 2.0, 3.0]
2023-10-22 13:14:21.267 | DEBUG    | __main__:on_text_edit:84 - Значение обновлено!
2023-10-22 13:14:21.267 | DEBUG    | __main__:on_text_edit:85 - [1.0, 2.0, 3.0]
2023-10-22 13:14:21.924 | DEBUG    | __main__:on_text_edit:84 - Значение обновлено!
2023-10-22 13:14:21.924 | DEBUG    | __main__:on_text_edit:85 - [1.0, 2.0, 3.0, 4.0]
2023-10-22 13:14:22.498 | DEBUG    | __main__:on_text_edit:84 - Значение обновлено!
2023-10-22 13:14:22.499 | DEBUG    | __main__:on_text_edit:85 - [1.0, 2.0, 3.0, 4.0]
2023-10-22 13:14:22.928 | DEBUG    | __main__:on_text_edit:84 - Значение обновлено!
2023-10-22 13:14:22.929 | DEBUG    | __main__:on_text_edit:85 - [1.0, 2.0, 3.0, 4.23]
2023-10-22 13:14:22.940 | DEBUG    | __main__:on_text_edit:84 - Значение обновлено!
2023-10-22 13:14:22.941 | DEBUG    | __main__:on_text_edit:85 - [1.0, 2.0, 3.0, 4.23]
2023-10-22 13:14:24.190 | DEBUG    | __main__:on_text_edit:84 - Значение обновлено!
2023-10-22 13:14:24.191 | DEBUG    | __main__:on_text_edit:85 - [1.0, 2.0, 3.0, 4.23, 4.0]
2023-10-22 13:14:26.493 | DEBUG    | __main__:on_text_edit:84 - Значение обновлено!
2023-10-22 13:14:26.494 | DEBUG    | __main__:on_text_edit:85 - [1.0, 2.0, 3.0, 4.23, 4.0, 2.0]
2023-10-22 13:14:27.008 | DEBUG    | __main__:on_text_edit:84 - Значение обновлено!
2023-10-22 13:14:27.008 | DEBUG    | __main__:on_text_edit:85 - [1.0, 2.0, 3.0, 4.23, 4.0, 23.0]
2023-10-22 13:17:49.393 | DEBUG    | __main__:on_text_edit:85 - 0.0
2023-10-22 13:17:49.394 | DEBUG    | __main__:on_text_edit:87 - Значение обновлено!
2023-10-22 13:17:51.144 | DEBUG    | __main__:on_text_edit:85 - 0.0
2023-10-22 13:17:51.145 | DEBUG    | __main__:on_text_edit:87 - Значение обновлено!
2023-10-22 13:17:52.635 | DEBUG    | __main__:on_text_edit:85 - 0.0
2023-10-22 13:17:52.636 | DEBUG    | __main__:on_text_edit:87 - Значение обновлено!
2023-10-22 13:17:52.825 | DEBUG    | __main__:on_text_edit:85 - 0.19999999999999996
2023-10-22 13:17:52.826 | DEBUG    | __main__:on_text_edit:87 - Значение обновлено!
2023-10-22 13:17:52.885 | DEBUG    | __main__:on_text_edit:85 - 0.19999999999999996
2023-10-22 13:17:52.886 | DEBUG    | __main__:on_text_edit:87 - Значение обновлено!
2023-10-22 13:17:54.092 | DEBUG    | __main__:on_text_edit:85 - 0.19999999999999996
2023-10-22 13:17:54.092 | DEBUG    | __main__:on_text_edit:87 - Значение обновлено!
2023-10-22 13:17:54.804 | DEBUG    | __main__:on_text_edit:85 - 0.20000000000000018
2023-10-22 13:17:54.805 | DEBUG    | __main__:on_text_edit:87 - Значение обновлено!
2023-10-22 13:17:56.611 | DEBUG    | __main__:on_text_edit:85 - 0.20000000000000018
2023-10-22 13:17:56.611 | DEBUG    | __main__:on_text_edit:87 - Значение обновлено!
2023-10-22 13:17:56.708 | DEBUG    | __main__:on_text_edit:85 - 0.20000000000000018
2023-10-22 13:17:56.709 | DEBUG    | __main__:on_text_edit:87 - Значение обновлено!
2023-10-22 13:17:58.052 | DEBUG    | __main__:on_text_edit:85 - 0.20000000000000018
2023-10-22 13:17:58.054 | DEBUG    | __main__:on_text_edit:87 - Значение обновлено!
2023-10-22 13:17:59.661 | DEBUG    | __main__:on_text_edit:85 - 0.1999999999999993
2023-10-22 13:17:59.661 | DEBUG    | __main__:on_text_edit:87 - Значение обновлено!
2023-10-22 13:18:01.130 | DEBUG    | __main__:on_text_edit:85 - 0.1999999999999993
2023-10-22 13:18:01.130 | DEBUG    | __main__:on_text_edit:87 - Значение обновлено!
2023-10-22 13:18:01.208 | DEBUG    | __main__:on_text_edit:85 - 0.1999999999999993
2023-10-22 13:18:01.209 | DEBUG    | __main__:on_text_edit:87 - Значение обновлено!
2023-10-22 13:18:01.636 | DEBUG    | __main__:on_text_edit:85 - 0.1999999999999993
2023-10-22 13:18:01.636 | DEBUG    | __main__:on_text_edit:87 - Значение обновлено!
2023-10-22 13:18:01.737 | DEBUG    | __main__:on_text_edit:85 - 0.1999999999999993
2023-10-22 13:18:01.738 | DEBUG    | __main__:on_text_edit:87 - Значение обновлено!
2023-10-22 13:18:02.117 | DEBUG    | __main__:on_text_edit:85 - 0.1999999999999993
2023-10-22 13:18:02.117 | DEBUG    | __main__:on_text_edit:87 - Значение обновлено!
2023-10-22 13:18:02.460 | DEBUG    | __main__:on_text_edit:85 - 0.1999999999999993
2023-10-22 13:18:02.461 | DEBUG    | __main__:on_text_edit:87 - Значение обновлено!
2023-10-22 13:18:04.375 | DEBUG    | __main__:on_text_edit:85 - 0.1999999999999993
2023-10-22 13:18:04.375 | DEBUG    | __main__:on_text_edit:87 - Значение обновлено!
2023-10-22 13:18:04.705 | DEBUG    | __main__:on_text_edit:85 - 0.1999999999999993
2023-10-22 13:18:04.706 | DEBUG    | __main__:on_text_edit:87 - Значение обновлено!
2023-10-22 13:18:04.898 | DEBUG    | __main__:on_text_edit:85 - 0.1999999999999993
2023-10-22 13:18:04.899 | DEBUG    | __main__:on_text_edit:87 - Значение обновлено!
2023-10-22 13:18:05.088 | DEBUG    | __main__:on_text_edit:85 - 0.1999999999999993
2023-10-22 13:18:05.089 | DEBUG    | __main__:on_text_edit:87 - Значение обновлено!
2023-10-22 13:18:05.266 | DEBUG    | __main__:on_text_edit:85 - 0.1999999999999993
2023-10-22 13:18:05.266 | DEBUG    | __main__:on_text_edit:87 - Значение обновлено!
2023-10-22 13:18:05.832 | DEBUG    | __main__:on_text_edit:85 - 0.1999999999999993
2023-10-22 13:18:05.832 | DEBUG    | __main__:on_text_edit:87 - Значение обновлено!
2023-10-22 13:18:06.190 | DEBUG    | __main__:on_text_edit:85 - 0.0
2023-10-22 13:18:06.191 | DEBUG    | __main__:on_text_edit:87 - Значение обновлено!
2023-10-22 13:18:06.503 | DEBUG    | __main__:on_text_edit:85 - 0.0
2023-10-22 13:18:06.504 | DEBUG    | __main__:on_text_edit:87 - Значение обновлено!
2023-10-22 13:18:07.989 | DEBUG    | __main__:on_text_edit:85 - 0.0
2023-10-22 13:18:07.990 | DEBUG    | __main__:on_text_edit:87 - Значение обновлено!
2023-10-22 13:18:09.032 | DEBUG    | __main__:on_text_edit:85 - 0.0
2023-10-22 13:18:09.033 | DEBUG    | __main__:on_text_edit:87 - Значение обновлено!
2023-10-22 13:18:09.161 | DEBUG    | __main__:on_text_edit:85 - 0.0
2023-10-22 13:18:09.162 | DEBUG    | __main__:on_text_edit:87 - Значение обновлено!
2023-10-22 13:18:28.204 | DEBUG    | __main__:on_text_edit:85 - 0.0
2023-10-22 13:18:28.205 | DEBUG    | __main__:on_text_edit:87 - Значение обновлено!
2023-10-22 13:18:30.109 | DEBUG    | __main__:on_text_edit:85 - 0.0
2023-10-22 13:18:30.110 | DEBUG    | __main__:on_text_edit:87 - Значение обновлено!
2023-10-22 13:18:36.429 | DEBUG    | __main__:on_text_edit:87 - Значение обновлено!
2023-10-22 13:18:36.430 | DEBUG    | __main__:on_text_edit:88 - [1]
2023-10-22 13:18:38.119 | DEBUG    | __main__:on_text_edit:87 - Значение обновлено!
2023-10-22 13:18:38.119 | DEBUG    | __main__:on_text_edit:88 - [1, 2]
2023-10-22 13:18:39.000 | DEBUG    | __main__:on_text_edit:87 - Значение обновлено!
2023-10-22 13:18:39.001 | DEBUG    | __main__:on_text_edit:88 - [1, 2, 3]
2023-10-22 13:18:39.754 | DEBUG    | __main__:on_text_edit:87 - Значение обновлено!
2023-10-22 13:18:39.754 | DEBUG    | __main__:on_text_edit:88 - [1, 2, 3, 4]
2023-10-22 13:18:39.829 | DEBUG    | __main__:on_text_edit:87 - Значение обновлено!
2023-10-22 13:18:39.829 | DEBUG    | __main__:on_text_edit:88 - [1, 2, 3, 4]
2023-10-22 13:18:40.290 | DEBUG    | __main__:on_text_edit:87 - Значение обновлено!
2023-10-22 13:18:40.291 | DEBUG    | __main__:on_text_edit:88 - [1, 2, 3, 4, 5]
2023-10-22 13:18:40.371 | DEBUG    | __main__:on_text_edit:87 - Значение обновлено!
2023-10-22 13:18:40.371 | DEBUG    | __main__:on_text_edit:88 - [1, 2, 3, 4, 5]
2023-10-22 13:18:43.482 | DEBUG    | __main__:on_text_edit:87 - Значение обновлено!
2023-10-22 13:18:43.482 | DEBUG    | __main__:on_text_edit:88 - [1, 2, 3, 4, 5, 5]
2023-10-22 13:18:43.562 | DEBUG    | __main__:on_text_edit:87 - Значение обновлено!
2023-10-22 13:18:43.563 | DEBUG    | __main__:on_text_edit:88 - [1, 2, 3, 4, 5, 5]
2023-10-22 13:18:44.194 | DEBUG    | __main__:on_text_edit:87 - Значение обновлено!
2023-10-22 13:18:44.194 | DEBUG    | __main__:on_text_edit:88 - [1, 2, 3, 4, 5, 5, 6]
2023-10-22 13:18:45.725 | DEBUG    | __main__:on_text_edit:87 - Значение обновлено!
2023-10-22 13:18:45.726 | DEBUG    | __main__:on_text_edit:88 - [1, 2, 3, 4, 5, 5, 6, 3]
2023-10-22 13:18:47.008 | DEBUG    | __main__:on_text_edit:87 - Значение обновлено!
2023-10-22 13:18:47.009 | DEBUG    | __main__:on_text_edit:88 - [1, 2, 3, 4, 5, 5, 6, 3]
2023-10-22 13:18:47.970 | DEBUG    | __main__:on_text_edit:87 - Значение обновлено!
2023-10-22 13:18:47.970 | DEBUG    | __main__:on_text_edit:88 - [1.0, 2.0, 3.0, 4.0, 5.0, 5.0, 6.0, 3.4]
2023-10-22 13:18:50.624 | DEBUG    | __main__:on_text_edit:87 - Значение обновлено!
2023-10-22 13:18:50.625 | DEBUG    | __main__:on_text_edit:88 - [1.0, 2.0, 3.0, 4.0, 5.0, 5.0, 6.0, 3.4, 3.0]
2023-10-22 13:18:53.114 | SUCCESS  | __main__:run_sorting:78 - Сравнение сортировки завершено.
2023-10-22 13:19:41.351 | DEBUG    | __main__:on_text_edit:85 - Значение обновлено!
2023-10-22 13:19:41.353 | DEBUG    | __main__:on_text_edit:86 - [1]
2023-10-22 13:19:45.888 | DEBUG    | __main__:on_text_edit:85 - Значение обновлено!
2023-10-22 13:19:45.889 | DEBUG    | __main__:on_text_edit:86 - [1.3]
2023-10-22 13:19:45.927 | DEBUG    | __main__:on_text_edit:85 - Значение обновлено!
2023-10-22 13:19:45.927 | DEBUG    | __main__:on_text_edit:86 - [1.3]
2023-10-22 13:21:51.945 | SUCCESS  | __main__:run_sorting:84 - Сравнение сортировки завершено.
2023-10-22 13:21:53.654 | SUCCESS  | __main__:run_sorting:84 - Сравнение сортировки завершено.
2023-10-22 13:21:55.033 | INFO     | __main__:create_random_list:45 - Создан новый случайный список.
2023-10-22 13:21:56.092 | SUCCESS  | __main__:run_sorting:84 - Сравнение сортировки завершено.
2023-10-22 13:21:58.244 | SUCCESS  | __main__:run_sorting:84 - Сравнение сортировки завершено.
2023-10-22 13:21:59.076 | SUCCESS  | __main__:run_sorting:84 - Сравнение сортировки завершено.
2023-10-22 13:22:01.627 | DEBUG    | __main__:on_text_edit:91 - Значение обновлено!
2023-10-22 13:22:01.627 | DEBUG    | __main__:on_text_edit:92 - [884, 703, 680, 705, 963, 575, 548, 837, 557, 152, 716, 535, 440, 1, 319, 822, 89, 60, 799, 283, 900, 770, 189, 222, 463, 372, 667, 244, 583, 707, 797, 664, 1, 559, 593, 280, 489, 192, 493, 561, 173, 990, 918, 989, 623, 822, 94, 937, 608, 4, 423, 156, 660, 618, 63, 775, 93, 640, 5, 130, 791, 795, 962, 470, 617, 51, 503, 896, 462, 195, 381, 721, 455, 303, 262, 300, 870, 501, 728, 679, 846, 631, 526, 187, 415, 908, 141, 775, 571, 11, 494, 64, 992, 113, 429, 155, 825, 207, 967, 430, 37, 148, 109, 367, 658, 637, 900, 345, 256, 59, 943, 160, 283, 427, 343, 741, 413, 804, 675, 767, 43, 195, 84, 708, 442, 43, 425, 423, 311, 550, 52, 890, 530, 43, 263, 644, 855, 770, 584, 944, 251, 530, 535, 990, 968, 500, 560, 96, 995, 617, 188, 250, 52, 424, 92, 391, 936, 710, 119, 915, 508]
2023-10-22 13:22:04.340 | DEBUG    | __main__:on_text_edit:91 - Значение обновлено!
2023-10-22 13:22:04.341 | DEBUG    | __main__:on_text_edit:92 - [884, 703, 680, 705, 963, 575, 548, 837, 557, 152, 716, 535, 440, 1, 319, 822, 89, 60, 799, 283, 900, 770, 189, 222, 463, 372, 667, 244, 583, 707, 797, 664, 1, 559, 593, 280, 489, 192, 493, 561, 173, 990, 918, 989, 623, 822, 94, 937, 608, 4, 423, 156, 660, 618, 63, 775, 93, 640, 5, 130, 791, 795, 962, 470, 617, 51, 503, 896, 462, 195, 381, 721, 455, 303, 262, 300, 870, 501, 728, 679, 846, 631, 526, 187, 415, 908, 141, 775, 571, 11, 494, 64, 992, 113, 429, 155, 825, 207, 967, 430, 37, 148, 109, 367, 658, 637, 900, 345, 256, 59, 943, 160, 283, 427, 343, 741, 413, 804, 675, 767, 43, 195, 84, 708, 442, 43, 425, 423, 311, 550, 52, 890, 530, 43, 263, 644, 855, 770, 584, 944, 251, 530, 535, 990, 968, 500, 560, 96, 995, 617, 188, 250, 52, 424, 92, 391, 936, 710, 119, 915, 5083]
2023-10-22 13:22:05.451 | SUCCESS  | __main__:run_sorting:84 - Сравнение сортировки завершено.
2023-10-22 13:22:07.173 | DEBUG    | __main__:on_text_edit:91 - Значение обновлено!
2023-10-22 13:22:07.173 | DEBUG    | __main__:on_text_edit:92 - [884, 703, 680, 705, 963, 575, 548, 837, 557, 152, 716, 535, 440, 1, 319, 822, 89, 60, 799, 283, 900, 770, 189, 222, 463, 372, 667, 244, 583, 707, 797, 664, 1, 559, 593, 280, 489, 192, 493, 561, 173, 990, 918, 989, 623, 822, 94, 937, 608, 4, 423, 156, 660, 618, 63, 775, 93, 640, 5, 130, 791, 795, 962, 470, 617, 51, 503, 896, 462, 195, 381, 721, 455, 303, 262, 300, 870, 501, 728, 679, 846, 631, 526, 187, 415, 908, 141, 775, 571, 11, 494, 64, 992, 113, 429, 155, 825, 207, 967, 430, 37, 148, 109, 367, 658, 637, 900, 345, 256, 59, 943, 160, 283, 427, 343, 741, 413, 804, 675, 767, 43, 195, 84, 708, 442, 43, 425, 423, 311, 550, 52, 890, 530, 43, 263, 644, 855, 770, 584, 944, 251, 530, 535, 990, 968, 500, 560, 96, 995, 617, 188, 250, 52, 424, 92, 391, 936, 710, 119, 915, 50833]
2023-10-22 13:22:07.443 | DEBUG    | __main__:on_text_edit:91 - Значение обновлено!
2023-10-22 13:22:07.444 | DEBUG    | __main__:on_text_edit:92 - [884, 703, 680, 705, 963, 575, 548, 837, 557, 152, 716, 535, 440, 1, 319, 822, 89, 60, 799, 283, 900, 770, 189, 222, 463, 372, 667, 244, 583, 707, 797, 664, 1, 559, 593, 280, 489, 192, 493, 561, 173, 990, 918, 989, 623, 822, 94, 937, 608, 4, 423, 156, 660, 618, 63, 775, 93, 640, 5, 130, 791, 795, 962, 470, 617, 51, 503, 896, 462, 195, 381, 721, 455, 303, 262, 300, 870, 501, 728, 679, 846, 631, 526, 187, 415, 908, 141, 775, 571, 11, 494, 64, 992, 113, 429, 155, 825, 207, 967, 430, 37, 148, 109, 367, 658, 637, 900, 345, 256, 59, 943, 160, 283, 427, 343, 741, 413, 804, 675, 767, 43, 195, 84, 708, 442, 43, 425, 423, 311, 550, 52, 890, 530, 43, 263, 644, 855, 770, 584, 944, 251, 530, 535, 990, 968, 500, 560, 96, 995, 617, 188, 250, 52, 424, 92, 391, 936, 710, 119, 915, 508333]
2023-10-22 13:22:08.340 | DEBUG    | __main__:on_text_edit:91 - Значение обновлено!
2023-10-22 13:22:08.341 | DEBUG    | __main__:on_text_edit:92 - [884, 703, 680, 705, 963, 575, 548, 837, 557, 152, 716, 535, 440, 1, 319, 822, 89, 60, 799, 283, 900, 770, 189, 222, 463, 372, 667, 244, 583, 707, 797, 664, 1, 559, 593, 280, 489, 192, 493, 561, 173, 990, 918, 989, 623, 822, 94, 937, 608, 4, 423, 156, 660, 618, 63, 775, 93, 640, 5, 130, 791, 795, 962, 470, 617, 51, 503, 896, 462, 195, 381, 721, 455, 303, 262, 300, 870, 501, 728, 679, 846, 631, 526, 187, 415, 908, 141, 775, 571, 11, 494, 64, 992, 113, 429, 155, 825, 207, 967, 430, 37, 148, 109, 367, 658, 637, 900, 345, 256, 59, 943, 160, 283, 427, 343, 741, 413, 804, 675, 767, 43, 195, 84, 708, 442, 43, 425, 423, 311, 550, 52, 890, 530, 43, 263, 644, 855, 770, 584, 944, 251, 530, 535, 990, 968, 500, 560, 96, 995, 617, 188, 250, 52, 424, 92, 391, 936, 710, 119, 915, 50833323]
2023-10-22 13:22:08.379 | DEBUG    | __main__:on_text_edit:91 - Значение обновлено!
2023-10-22 13:22:08.380 | DEBUG    | __main__:on_text_edit:92 - [884, 703, 680, 705, 963, 575, 548, 837, 557, 152, 716, 535, 440, 1, 319, 822, 89, 60, 799, 283, 900, 770, 189, 222, 463, 372, 667, 244, 583, 707, 797, 664, 1, 559, 593, 280, 489, 192, 493, 561, 173, 990, 918, 989, 623, 822, 94, 937, 608, 4, 423, 156, 660, 618, 63, 775, 93, 640, 5, 130, 791, 795, 962, 470, 617, 51, 503, 896, 462, 195, 381, 721, 455, 303, 262, 300, 870, 501, 728, 679, 846, 631, 526, 187, 415, 908, 141, 775, 571, 11, 494, 64, 992, 113, 429, 155, 825, 207, 967, 430, 37, 148, 109, 367, 658, 637, 900, 345, 256, 59, 943, 160, 283, 427, 343, 741, 413, 804, 675, 767, 43, 195, 84, 708, 442, 43, 425, 423, 311, 550, 52, 890, 530, 43, 263, 644, 855, 770, 584, 944, 251, 530, 535, 990, 968, 500, 560, 96, 995, 617, 188, 250, 52, 424, 92, 391, 936, 710, 119, 915, 50833323]
2023-10-22 13:22:08.582 | SUCCESS  | __main__:run_sorting:84 - Сравнение сортировки завершено.
2023-10-22 13:22:22.590 | DEBUG    | __main__:on_text_edit:91 - Значение обновлено!
2023-10-22 13:22:22.591 | DEBUG    | __main__:on_text_edit:92 - [884, 703, 915, 50833323]
2023-10-22 13:22:24.145 | INFO     | __main__:create_random_list:45 - Создан новый случайный список.
2023-10-22 13:22:25.515 | DEBUG    | __main__:on_text_edit:91 - Значение обновлено!
2023-10-22 13:22:25.515 | DEBUG    | __main__:on_text_edit:92 - [0, 220, 109, 117, 66, 579, 279, 265, 694, 226, 656, 513, 522, 440, 42, 539, 470, 734, 844, 913, 898, 60, 970, 492, 174, 709, 284, 577, 668, 596, 488, 390, 267, 180, 180, 877, 109, 651, 652, 660, 569, 619, 965, 883, 364, 883, 292, 386, 707, 422, 98, 127, 558, 934, 12, 454, 855, 970, 227, 214, 942, 204, 96, 605, 957, 257, 113, 108, 542, 705, 33, 374, 909, 796, 919, 248, 40, 875, 660, 913, 470, 753, 324, 369, 770, 866, 87, 864, 332, 119, 730, 613, 93, 827, 575, 304, 997, 157, 518, 945, 233, 389, 704, 12, 833, 748, 391, 11, 716, 773, 20, 21, 864, 49, 314, 449, 680, 935, 255, 76, 255, 361, 524, 415, 400, 159, 115, 441, 811, 405, 67, 746, 573, 968, 414, 200, 495, 78, 744, 568, 770, 481, 283, 991, 206, 760, 989, 394, 762, 133, 290, 383, 80, 901, 176, 285, 614, 983, 351, 167, 130, 599, 286, 715, 636, 213, 334, 838, 279, 192, 57, 927, 138, 535, 528, 62, 735, 776, 886, 89, 338, 722, 542, 561, 641, 926, 162, 787, 123, 82, 26, 712, 76, 13, 828, 23, 445, 11, 117, 783, 976, 486, 211, 291, 539, 312, 706, 718, 479, 300, 834, 301, 539, 186, 167, 7, 358, 893, 202, 188, 335, 18, 190, 527, 982, 927, 732, 948, 471, 65, 409, 452, 160, 268, 4, 384, 366, 434, 191, 572, 661, 192, 398, 217, 294, 835, 797, 771, 826, 696, 258, 769, 355, 493, 783, 946, 811, 846, 682, 172, 512, 973, 383, 866, 153, 841, 201, 671, 938, 321, 11, 886, 415, 829, 659, 389, 321, 312, 99, 882, 132, 301, 919, 464, 242, 935, 382, 688, 323, 155, 160, 258, 782, 649, 289, 810, 211, 278, 669, 945, 225, 605, 529, 926, 308, 572, 523, 260, 377, 266, 728, 606, 518, 354, 742, 751, 229, 476, 350, 812, 81, 620, 921, 109, 254, 647, 525, 289, 302, 760, 785, 108, 595, 165, 653, 904, 905, 762, 707, 34, 591, 366, 235, 449, 14, 993, 650, 4, 679, 798, 230, 585, 657, 996, 319, 502, 750, 50, 186, 60, 650, 78, 724, 890, 749, 850, 847, 691, 363, 198, 517, 116, 318, 744, 819, 836, 333, 905, 634, 725, 101, 670, 795, 458, 874, 838, 799, 151, 956, 707, 869, 850, 421, 519, 34, 397, 321, 457, 825, 510, 70, 158, 128, 601, 668, 443, 853, 388, 489, 387, 835, 852, 430, 814, 943, 263, 40, 341, 245, 198, 983, 998, 944, 543, 486, 565, 693, 163, 406, 819, 244, 491, 920, 707, 262, 218, 84, 957, 271, 913, 222, 830, 200, 530, 192, 995, 278, 894, 577, 931, 336, 968, 625, 943, 464, 444, 957, 859, 504, 653, 409, 111, 824, 732, 329, 390, 268, 377, 902, 243, 850, 720, 154, 498, 196, 827, 686, 176, 199, 55, 518, 489, 461, 95, 698, 990, 151, 571, 710, 296, 704, 627, 767, 877, 549, 803, 910, 223, 805, 688, 370, 108, 513, 517, 727, 424, 791, 430, 939, 86, 933, 73, 849, 190, 945, 253, 610, 709, 930, 498, 974, 186, 498, 146, 406, 664, 680, 778, 446, 204, 812884, 703, 915, 50833323]
2023-10-22 13:22:26.687 | DEBUG    | __main__:on_text_edit:91 - Значение обновлено!
2023-10-22 13:22:26.687 | DEBUG    | __main__:on_text_edit:92 - [3, 650, 4, 679, 798, 230, 585, 657, 996, 319, 502, 750, 50, 186, 60, 650, 78, 724, 890, 749, 850, 847, 691, 363, 198, 517, 116, 318, 744, 819, 836, 333, 905, 634, 725, 101, 670, 795, 458, 874, 838, 799, 151, 956, 707, 869, 850, 421, 519, 34, 397, 321, 457, 825, 510, 70, 158, 128, 601, 668, 443, 853, 388, 489, 387, 835, 852, 430, 814, 943, 263, 40, 341, 245, 198, 983, 998, 944, 543, 486, 565, 693, 163, 406, 819, 244, 491, 920, 707, 262, 218, 84, 957, 271, 913, 222, 830, 200, 530, 192, 995, 278, 894, 577, 931, 336, 968, 625, 943, 464, 444, 957, 859, 504, 653, 409, 111, 824, 732, 329, 390, 268, 377, 902, 243, 850, 720, 154, 498, 196, 827, 686, 176, 199, 55, 518, 489, 461, 95, 698, 990, 151, 571, 710, 296, 704, 627, 767, 877, 549, 803, 910, 223, 805, 688, 370, 108, 513, 517, 727, 424, 791, 430, 939, 86, 933, 73, 849, 190, 945, 253, 610, 709, 930, 498, 974, 186, 498, 146, 406, 664, 680, 778, 446, 204, 812884, 703, 915, 50833323]
2023-10-22 13:22:28.268 | DEBUG    | __main__:on_text_edit:91 - Значение обновлено!
2023-10-22 13:22:28.269 | DEBUG    | __main__:on_text_edit:92 - [3, 650, 4, 679, 798, 230, 585, 657, 996, 319, 502, 750, 50, 186, 60, 650, 78, 724, 890, 749, 850, 847, 223, 805, 688, 370, 108, 513, 517, 727, 424, 791, 430, 939, 86, 933, 73, 849, 190, 945, 253, 610, 709, 930, 498, 974, 186, 498, 146, 406, 664, 680, 778, 446, 204, 812884, 703, 915, 50833323]
2023-10-22 13:22:28.907 | DEBUG    | __main__:on_text_edit:91 - Значение обновлено!
2023-10-22 13:22:28.907 | DEBUG    | __main__:on_text_edit:92 - [3, 650, 4, 679, 798, 230, 585, 657, 996, 319, 502, 750, 50, 186, 60, 650, 78, 724, 890, 749, 850, 84, 223, 805, 688, 370, 108, 513, 517, 727, 424, 791, 430, 939, 86, 933, 73, 849, 190, 945, 253, 610, 709, 930, 498, 974, 186, 498, 146, 406, 664, 680, 778, 446, 204, 812884, 703, 915, 50833323]
2023-10-22 13:22:29.461 | DEBUG    | __main__:on_text_edit:91 - Значение обновлено!
2023-10-22 13:22:29.461 | DEBUG    | __main__:on_text_edit:92 - [3, 650, 4, 679, 798, 230, 585, 657, 996, 319, 502, 750, 50, 186, 60, 650, 78, 724, 890, 749, 850, 8, 223, 805, 688, 370, 108, 513, 517, 727, 424, 791, 430, 939, 86, 933, 73, 849, 190, 945, 253, 610, 709, 930, 498, 974, 186, 498, 146, 406, 664, 680, 778, 446, 204, 812884, 703, 915, 50833323]
2023-10-22 13:22:30.005 | DEBUG    | __main__:on_text_edit:91 - Значение обновлено!
2023-10-22 13:22:30.006 | DEBUG    | __main__:on_text_edit:92 - [3, 650, 4, 679, 798, 230, 585, 657, 996, 319, 502, 750, 50, 186, 60, 650, 78, 724, 890, 749, 850, 223, 805, 688, 370, 108, 513, 517, 727, 424, 791, 430, 939, 86, 933, 73, 849, 190, 945, 253, 610, 709, 930, 498, 974, 186, 498, 146, 406, 664, 680, 778, 446, 204, 812884, 703, 915, 50833323]
2023-10-22 13:22:33.745 | SUCCESS  | __main__:run_sorting:84 - Сравнение сортировки завершено.
2023-10-22 13:22:37.739 | DEBUG    | __main__:on_text_edit:91 - Значение обновлено!
2023-10-22 13:22:37.740 | DEBUG    | __main__:on_text_edit:92 - [3, 50833323]
2023-10-22 13:22:39.250 | INFO     | __main__:create_random_list:45 - Создан новый случайный список.
2023-10-22 13:22:40.885 | DEBUG    | __main__:on_text_edit:91 - Значение обновлено!
2023-10-22 13:22:40.885 | DEBUG    | __main__:on_text_edit:92 - [40, 395, 727, 954, 385, 856, 496, 71, 551, 178, 832, 96, 812, 777, 461, 95, 182, 343, 384, 671, 871, 710, 906, 76, 388, 631, 955, 245, 404, 996, 107, 563, 681, 986, 181, 147, 232, 125, 664, 556, 940, 355, 634, 924, 981, 927, 535, 350, 246, 51, 81, 261, 765, 231, 430, 718, 850, 977, 451, 19, 586, 602, 585, 292, 16, 731, 663, 905, 468, 231, 508, 997, 891, 310, 515, 760, 32, 1, 140, 598, 142, 379, 600, 886, 997, 290, 800, 761, 896, 405, 299, 143, 322, 891, 116, 557, 915, 274, 618, 909, 266, 792, 973, 580, 132, 239, 670, 597, 765, 863, 260, 111, 672, 212, 388, 218, 799, 581, 830, 174, 444, 8, 57, 284, 989, 359, 498, 275, 938, 932, 40, 304, 535, 981, 698, 546, 766, 139, 551, 722, 302, 70, 383, 457, 103, 876, 587, 221, 180, 693, 571, 359, 612, 69, 914, 454, 708, 82, 895, 361, 799, 710, 891, 145, 193, 624, 232, 902, 963, 9, 671, 163, 213, 764, 527, 954, 678, 625, 318, 547, 443, 113, 820, 755, 475, 91, 40, 518, 904, 532, 554, 163, 370, 817, 343, 167, 882, 832, 986, 106, 829, 685, 929, 460, 800, 738, 328, 864, 195, 808, 234, 683, 20, 373, 631, 289, 365, 978, 515, 983, 846, 788, 378, 828, 717, 861, 595, 482, 39, 378, 70, 931, 523, 790, 734, 730, 94, 239, 876, 516, 43, 75, 85, 526, 893, 385, 620, 381, 847, 886, 367, 82, 25, 73, 265, 830, 484, 48, 846, 786, 538, 654, 166, 712, 450, 1000, 621, 683, 821, 798, 243, 105, 618, 546, 472, 416, 471, 546, 572, 767, 602, 610, 546, 123, 549, 118, 689, 918, 969, 937, 280, 486, 851, 668, 473, 675, 248, 296, 951, 603, 20, 507, 900, 698, 242, 650, 939, 318, 164, 312, 986, 615, 890, 941, 101, 777, 293, 326, 611, 350, 798, 198, 926, 86, 965, 902, 746, 244, 400, 287, 11, 360, 570, 646, 631, 779, 992, 223, 404, 885, 9, 791, 933, 932, 600, 413, 614, 653, 546, 361, 258, 368, 125, 933, 924, 308, 896, 734, 395, 888, 523, 19, 294, 443, 324, 140, 31, 718, 435, 410, 309, 911, 118, 996, 249, 892, 490, 887, 310, 391, 251, 625, 113, 135, 190, 305, 661, 154, 810, 665, 729, 388, 109, 68, 877, 790, 981, 614, 951, 308, 385, 253, 644, 343, 914, 528, 969, 102, 663, 802, 276, 857, 847, 622, 527, 494, 205, 888, 823, 157, 862, 486, 20, 167, 906, 798, 242, 273, 955, 979, 439, 700, 969, 773, 243, 577, 125, 113, 988, 219, 664, 969, 213, 863, 103, 215, 886, 238, 783, 51, 69, 26, 719, 630, 113, 145, 644, 175, 572, 928, 962, 754, 271, 768, 885, 490, 819, 952, 417, 585, 54, 966, 516, 451, 54, 180, 278, 919, 707, 102, 291, 176, 211, 427, 944, 425, 489, 645, 304, 615, 417, 719, 404, 844, 891, 564, 259, 748, 307, 159, 974, 960, 858, 650, 804, 159, 504, 224, 779, 334, 799, 816, 525, 28, 226, 863, 212, 348, 315, 850, 318, 193, 404, 910, 433, 584, 799, 763, 6, 837, 765, 901, 865, 609, 201, 776, 968, 231, 341, 748, 992, 477, 925, 264, 288, 936, 172, 5, 352, 511, 522, 915, 476, 987, 434, 137, 839, 102, 851, 43, 751, 126, 35, 303, 985, 382, 535, 143, 961, 706, 209, 725, 918, 925, 670, 41, 140, 230, 734, 52, 603, 990, 411, 592, 807, 864, 610, 368, 368, 312, 392, 63, 657, 621, 853, 701, 302, 9, 752, 637, 582, 935, 485, 213, 44, 934, 93, 329, 658, 334, 531, 607, 571, 864, 337, 324, 597, 606, 90, 359, 673, 22, 285, 59, 264, 536, 489, 903, 667, 988, 55, 311, 68, 464, 644, 456, 473, 365, 163, 237, 740, 434, 77, 146, 103, 55, 886, 301, 938, 697, 46, 926, 177, 467, 461, 649, 236, 316, 418, 505, 813, 838, 449, 171, 377, 452, 500, 298, 820, 945, 558, 232, 33, 504, 204, 80, 636, 160, 408, 497, 692, 989, 671, 870, 427, 59, 708, 783, 945, 909, 774, 913, 648, 273, 943, 171, 875, 896, 259, 379, 974, 334, 133, 975, 475, 55, 689, 169, 160, 44, 721, 478, 871, 52, 688, 942, 421, 290, 600, 577, 240, 962, 527, 889, 647, 974, 486, 162, 590, 140, 211, 324, 675, 795, 634, 689, 283, 149, 999, 190, 739, 771, 933, 180, 752, 147, 747, 363, 777, 622, 700, 436, 742, 465, 126, 354, 6443, 50833323]
2023-10-22 13:22:41.253 | DEBUG    | __main__:on_text_edit:91 - Значение обновлено!
2023-10-22 13:22:41.253 | DEBUG    | __main__:on_text_edit:92 - [40, 395, 727, 954, 385, 856, 496, 71, 551, 178, 832, 96, 812, 777, 461, 95, 182, 343, 384, 671, 871, 710, 901000, 621, 683, 821, 798, 243, 105, 618, 546, 472, 416, 471, 546, 572, 767, 602, 610, 546, 123, 549, 118, 689, 918, 969, 937, 280, 486, 851, 668, 473, 675, 248, 296, 951, 603, 20, 507, 900, 698, 242, 650, 939, 318, 164, 312, 986, 615, 890, 941, 101, 777, 293, 326, 611, 350, 798, 198, 926, 86, 965, 902, 746, 244, 400, 287, 11, 360, 570, 646, 631, 779, 992, 223, 404, 885, 9, 791, 933, 932, 600, 413, 614, 653, 546, 361, 258, 368, 125, 933, 924, 308, 896, 734, 395, 888, 523, 19, 294, 443, 324, 140, 31, 718, 435, 410, 309, 911, 118, 996, 249, 892, 490, 887, 310, 391, 251, 625, 113, 135, 190, 305, 661, 154, 810, 665, 729, 388, 109, 68, 877, 790, 981, 614, 951, 308, 385, 253, 644, 343, 914, 528, 969, 102, 663, 802, 276, 857, 847, 622, 527, 494, 205, 888, 823, 157, 862, 486, 20, 167, 906, 798, 242, 273, 955, 979, 439, 700, 969, 773, 243, 577, 125, 113, 988, 219, 664, 969, 213, 863, 103, 215, 886, 238, 783, 51, 69, 26, 719, 630, 113, 145, 644, 175, 572, 928, 962, 754, 271, 768, 885, 490, 819, 952, 417, 585, 54, 966, 516, 451, 54, 180, 278, 919, 707, 102, 291, 176, 211, 427, 944, 425, 489, 645, 304, 615, 417, 719, 404, 844, 891, 564, 259, 748, 307, 159, 974, 960, 858, 650, 804, 159, 504, 224, 779, 334, 799, 816, 525, 28, 226, 863, 212, 348, 315, 850, 318, 193, 404, 910, 433, 584, 799, 763, 6, 837, 765, 901, 865, 609, 201, 776, 968, 231, 341, 748, 992, 477, 925, 264, 288, 936, 172, 5, 352, 511, 522, 915, 476, 987, 434, 137, 839, 102, 851, 43, 751, 126, 35, 303, 985, 382, 535, 143, 961, 706, 209, 725, 918, 925, 670, 41, 140, 230, 734, 52, 603, 990, 411, 592, 807, 864, 610, 368, 368, 312, 392, 63, 657, 621, 853, 701, 302, 9, 752, 637, 582, 935, 485, 213, 44, 934, 93, 329, 658, 334, 531, 607, 571, 864, 337, 324, 597, 606, 90, 359, 673, 22, 285, 59, 264, 536, 489, 903, 667, 988, 55, 311, 68, 464, 644, 456, 473, 365, 163, 237, 740, 434, 77, 146, 103, 55, 886, 301, 938, 697, 46, 926, 177, 467, 461, 649, 236, 316, 418, 505, 813, 838, 449, 171, 377, 452, 500, 298, 820, 945, 558, 232, 33, 504, 204, 80, 636, 160, 408, 497, 692, 989, 671, 870, 427, 59, 708, 783, 945, 909, 774, 913, 648, 273, 943, 171, 875, 896, 259, 379, 974, 334, 133, 975, 475, 55, 689, 169, 160, 44, 721, 478, 871, 52, 688, 942, 421, 290, 600, 577, 240, 962, 527, 889, 647, 974, 486, 162, 590, 140, 211, 324, 675, 795, 634, 689, 283, 149, 999, 190, 739, 771, 933, 180, 752, 147, 747, 363, 777, 622, 700, 436, 742, 465, 126, 354, 6443, 50833323]
2023-10-22 13:22:41.589 | DEBUG    | __main__:on_text_edit:91 - Значение обновлено!
2023-10-22 13:22:41.589 | DEBUG    | __main__:on_text_edit:92 - [40, 395, 727, 954, 385, 856, 496, 71, 551, 178, 832, 96, 812, 777, 461, 95, 182, 343, 384, 671, 871, 710, 901000, 621, 683, 821, 798, 243, 105, 618, 546, 472, 416, 471, 546, 572, 767, 602, 610, 546, 123, 549, 118, 689, 918, 64, 969, 213, 863, 103, 215, 886, 238, 783, 51, 69, 26, 719, 630, 113, 145, 644, 175, 572, 928, 962, 754, 271, 768, 885, 490, 819, 952, 417, 585, 54, 966, 516, 451, 54, 180, 278, 919, 707, 102, 291, 176, 211, 427, 944, 425, 489, 645, 304, 615, 417, 719, 404, 844, 891, 564, 259, 748, 307, 159, 974, 960, 858, 650, 804, 159, 504, 224, 779, 334, 799, 816, 525, 28, 226, 863, 212, 348, 315, 850, 318, 193, 404, 910, 433, 584, 799, 763, 6, 837, 765, 901, 865, 609, 201, 776, 968, 231, 341, 748, 992, 477, 925, 264, 288, 936, 172, 5, 352, 511, 522, 915, 476, 987, 434, 137, 839, 102, 851, 43, 751, 126, 35, 303, 985, 382, 535, 143, 961, 706, 209, 725, 918, 925, 670, 41, 140, 230, 734, 52, 603, 990, 411, 592, 807, 864, 610, 368, 368, 312, 392, 63, 657, 621, 853, 701, 302, 9, 752, 637, 582, 935, 485, 213, 44, 934, 93, 329, 658, 334, 531, 607, 571, 864, 337, 324, 597, 606, 90, 359, 673, 22, 285, 59, 264, 536, 489, 903, 667, 988, 55, 311, 68, 464, 644, 456, 473, 365, 163, 237, 740, 434, 77, 146, 103, 55, 886, 301, 938, 697, 46, 926, 177, 467, 461, 649, 236, 316, 418, 505, 813, 838, 449, 171, 377, 452, 500, 298, 820, 945, 558, 232, 33, 504, 204, 80, 636, 160, 408, 497, 692, 989, 671, 870, 427, 59, 708, 783, 945, 909, 774, 913, 648, 273, 943, 171, 875, 896, 259, 379, 974, 334, 133, 975, 475, 55, 689, 169, 160, 44, 721, 478, 871, 52, 688, 942, 421, 290, 600, 577, 240, 962, 527, 889, 647, 974, 486, 162, 590, 140, 211, 324, 675, 795, 634, 689, 283, 149, 999, 190, 739, 771, 933, 180, 752, 147, 747, 363, 777, 622, 700, 436, 742, 465, 126, 354, 6443, 50833323]
2023-10-22 13:22:41.935 | DEBUG    | __main__:on_text_edit:91 - Значение обновлено!
2023-10-22 13:22:41.936 | DEBUG    | __main__:on_text_edit:92 - [40, 395, 727, 954, 385, 856, 496, 71, 551, 178, 832, 96, 812, 777, 461, 95, 182, 343, 384, 671, 871, 710, 901000925, 670, 41, 140, 230, 734, 52, 603, 990, 411, 592, 807, 864, 610, 368, 368, 312, 392, 63, 657, 621, 853, 701, 302, 9, 752, 637, 582, 935, 485, 213, 44, 934, 93, 329, 658, 334, 531, 607, 571, 864, 337, 324, 597, 606, 90, 359, 673, 22, 285, 59, 264, 536, 489, 903, 667, 988, 55, 311, 68, 464, 644, 456, 473, 365, 163, 237, 740, 434, 77, 146, 103, 55, 886, 301, 938, 697, 46, 926, 177, 467, 461, 649, 236, 316, 418, 505, 813, 838, 449, 171, 377, 452, 500, 298, 820, 945, 558, 232, 33, 504, 204, 80, 636, 160, 408, 497, 692, 989, 671, 870, 427, 59, 708, 783, 945, 909, 774, 913, 648, 273, 943, 171, 875, 896, 259, 379, 974, 334, 133, 975, 475, 55, 689, 169, 160, 44, 721, 478, 871, 52, 688, 942, 421, 290, 600, 577, 240, 962, 527, 889, 647, 974, 486, 162, 590, 140, 211, 324, 675, 795, 634, 689, 283, 149, 999, 190, 739, 771, 933, 180, 752, 147, 747, 363, 777, 622, 700, 436, 742, 465, 126, 354, 6443, 50833323]
2023-10-22 13:22:46.076 | DEBUG    | __main__:on_text_edit:91 - Значение обновлено!
2023-10-22 13:22:46.077 | DEBUG    | __main__:on_text_edit:92 - [40, 50833323]
2023-10-22 13:22:47.034 | SUCCESS  | __main__:run_sorting:84 - Сравнение сортировки завершено.
2023-10-22 13:25:26.343 | ERROR    | tkinter:__call__:1921 - An error has been caught in function '__call__', process 'MainProcess' (11628), thread 'MainThread' (21096):
Traceback (most recent call last):

  File "D:\Repoes\LVL4\Bug_Search\Bug_6\main.py", line 99, in <module>
    app.root.mainloop()
    │   │    └ <function Misc.mainloop at 0x0000018DD88D7B50>
    │   └ <tkinter.Tk object .>
    └ <__main__.SortingComparisonApp object at 0x0000018DDA829870>

  File "C:\Users\Hyper\AppData\Local\Programs\Python\Python310\lib\tkinter\__init__.py", line 1458, in mainloop
    self.tk.mainloop(n)
    │    │  │        └ 0
    │    │  └ <method 'mainloop' of '_tkinter.tkapp' objects>
    │    └ <_tkinter.tkapp object at 0x0000018DDA76A430>
    └ <tkinter.Tk object .>

> File "C:\Users\Hyper\AppData\Local\Programs\Python\Python310\lib\tkinter\__init__.py", line 1921, in __call__
    return self.func(*args)
           │    │     └ (<KeyRelease event keysym=d keycode=68 char='d' x=369 y=181>,)
           │    └ <bound method SortingComparisonApp.on_text_edit of <__main__.SortingComparisonApp object at 0x0000018DDA829870>>
           └ <tkinter.CallWrapper object at 0x0000018DDA829B10>

  File "D:\Repoes\LVL4\Bug_Search\Bug_6\main.py", line 89, in on_text_edit
    data = list(map(float, data.split(",")))
                           │    └ <method 'split' of 'str' objects>
                           └ 'dw\n'

ValueError: could not convert string to float: 'dw\n'
2023-10-22 13:25:26.418 | ERROR    | tkinter:__call__:1921 - An error has been caught in function '__call__', process 'MainProcess' (11628), thread 'MainThread' (21096):
Traceback (most recent call last):

  File "D:\Repoes\LVL4\Bug_Search\Bug_6\main.py", line 99, in <module>
    app.root.mainloop()
    │   │    └ <function Misc.mainloop at 0x0000018DD88D7B50>
    │   └ <tkinter.Tk object .>
    └ <__main__.SortingComparisonApp object at 0x0000018DDA829870>

  File "C:\Users\Hyper\AppData\Local\Programs\Python\Python310\lib\tkinter\__init__.py", line 1458, in mainloop
    self.tk.mainloop(n)
    │    │  │        └ 0
    │    │  └ <method 'mainloop' of '_tkinter.tkapp' objects>
    │    └ <_tkinter.tkapp object at 0x0000018DDA76A430>
    └ <tkinter.Tk object .>

> File "C:\Users\Hyper\AppData\Local\Programs\Python\Python310\lib\tkinter\__init__.py", line 1921, in __call__
    return self.func(*args)
           │    │     └ (<KeyRelease event keysym=w keycode=87 char='w' x=369 y=181>,)
           │    └ <bound method SortingComparisonApp.on_text_edit of <__main__.SortingComparisonApp object at 0x0000018DDA829870>>
           └ <tkinter.CallWrapper object at 0x0000018DDA829B10>

  File "D:\Repoes\LVL4\Bug_Search\Bug_6\main.py", line 89, in on_text_edit
    data = list(map(float, data.split(",")))
                           │    └ <method 'split' of 'str' objects>
                           └ 'dw\n'

ValueError: could not convert string to float: 'dw\n'
2023-10-22 13:25:26.825 | ERROR    | tkinter:__call__:1921 - An error has been caught in function '__call__', process 'MainProcess' (11628), thread 'MainThread' (21096):
Traceback (most recent call last):

  File "D:\Repoes\LVL4\Bug_Search\Bug_6\main.py", line 99, in <module>
    app.root.mainloop()
    │   │    └ <function Misc.mainloop at 0x0000018DD88D7B50>
    │   └ <tkinter.Tk object .>
    └ <__main__.SortingComparisonApp object at 0x0000018DDA829870>

  File "C:\Users\Hyper\AppData\Local\Programs\Python\Python310\lib\tkinter\__init__.py", line 1458, in mainloop
    self.tk.mainloop(n)
    │    │  │        └ 0
    │    │  └ <method 'mainloop' of '_tkinter.tkapp' objects>
    │    └ <_tkinter.tkapp object at 0x0000018DDA76A430>
    └ <tkinter.Tk object .>

> File "C:\Users\Hyper\AppData\Local\Programs\Python\Python310\lib\tkinter\__init__.py", line 1921, in __call__
    return self.func(*args)
           │    │     └ (<KeyRelease event keysym=f keycode=70 char='f' x=369 y=178>,)
           │    └ <bound method SortingComparisonApp.on_text_edit of <__main__.SortingComparisonApp object at 0x0000018DDA829870>>
           └ <tkinter.CallWrapper object at 0x0000018DDA829B10>

  File "D:\Repoes\LVL4\Bug_Search\Bug_6\main.py", line 89, in on_text_edit
    data = list(map(float, data.split(",")))
                           │    └ <method 'split' of 'str' objects>
                           └ 'dwfe\n'

ValueError: could not convert string to float: 'dwfe\n'
2023-10-22 13:25:26.903 | ERROR    | tkinter:__call__:1921 - An error has been caught in function '__call__', process 'MainProcess' (11628), thread 'MainThread' (21096):
Traceback (most recent call last):

  File "D:\Repoes\LVL4\Bug_Search\Bug_6\main.py", line 99, in <module>
    app.root.mainloop()
    │   │    └ <function Misc.mainloop at 0x0000018DD88D7B50>
    │   └ <tkinter.Tk object .>
    └ <__main__.SortingComparisonApp object at 0x0000018DDA829870>

  File "C:\Users\Hyper\AppData\Local\Programs\Python\Python310\lib\tkinter\__init__.py", line 1458, in mainloop
    self.tk.mainloop(n)
    │    │  │        └ 0
    │    │  └ <method 'mainloop' of '_tkinter.tkapp' objects>
    │    └ <_tkinter.tkapp object at 0x0000018DDA76A430>
    └ <tkinter.Tk object .>

> File "C:\Users\Hyper\AppData\Local\Programs\Python\Python310\lib\tkinter\__init__.py", line 1921, in __call__
    return self.func(*args)
           │    │     └ (<KeyRelease event keysym=e keycode=69 char='e' x=369 y=178>,)
           │    └ <bound method SortingComparisonApp.on_text_edit of <__main__.SortingComparisonApp object at 0x0000018DDA829870>>
           └ <tkinter.CallWrapper object at 0x0000018DDA829B10>

  File "D:\Repoes\LVL4\Bug_Search\Bug_6\main.py", line 89, in on_text_edit
    data = list(map(float, data.split(",")))
                           │    └ <method 'split' of 'str' objects>
                           └ 'dwfe\n'

ValueError: could not convert string to float: 'dwfe\n'
2023-10-22 13:25:27.155 | ERROR    | tkinter:__call__:1921 - An error has been caught in function '__call__', process 'MainProcess' (11628), thread 'MainThread' (21096):
Traceback (most recent call last):

  File "D:\Repoes\LVL4\Bug_Search\Bug_6\main.py", line 99, in <module>
    app.root.mainloop()
    │   │    └ <function Misc.mainloop at 0x0000018DD88D7B50>
    │   └ <tkinter.Tk object .>
    └ <__main__.SortingComparisonApp object at 0x0000018DDA829870>

  File "C:\Users\Hyper\AppData\Local\Programs\Python\Python310\lib\tkinter\__init__.py", line 1458, in mainloop
    self.tk.mainloop(n)
    │    │  │        └ 0
    │    │  └ <method 'mainloop' of '_tkinter.tkapp' objects>
    │    └ <_tkinter.tkapp object at 0x0000018DDA76A430>
    └ <tkinter.Tk object .>

> File "C:\Users\Hyper\AppData\Local\Programs\Python\Python310\lib\tkinter\__init__.py", line 1921, in __call__
    return self.func(*args)
           │    │     └ (<KeyRelease event keysym=f keycode=70 char='f' x=369 y=179>,)
           │    └ <bound method SortingComparisonApp.on_text_edit of <__main__.SortingComparisonApp object at 0x0000018DDA829870>>
           └ <tkinter.CallWrapper object at 0x0000018DDA829B10>

  File "D:\Repoes\LVL4\Bug_Search\Bug_6\main.py", line 89, in on_text_edit
    data = list(map(float, data.split(",")))
                           │    └ <method 'split' of 'str' objects>
                           └ 'dwfefw\n'

ValueError: could not convert string to float: 'dwfefw\n'
2023-10-22 13:25:27.257 | ERROR    | tkinter:__call__:1921 - An error has been caught in function '__call__', process 'MainProcess' (11628), thread 'MainThread' (21096):
Traceback (most recent call last):

  File "D:\Repoes\LVL4\Bug_Search\Bug_6\main.py", line 99, in <module>
    app.root.mainloop()
    │   │    └ <function Misc.mainloop at 0x0000018DD88D7B50>
    │   └ <tkinter.Tk object .>
    └ <__main__.SortingComparisonApp object at 0x0000018DDA829870>

  File "C:\Users\Hyper\AppData\Local\Programs\Python\Python310\lib\tkinter\__init__.py", line 1458, in mainloop
    self.tk.mainloop(n)
    │    │  │        └ 0
    │    │  └ <method 'mainloop' of '_tkinter.tkapp' objects>
    │    └ <_tkinter.tkapp object at 0x0000018DDA76A430>
    └ <tkinter.Tk object .>

> File "C:\Users\Hyper\AppData\Local\Programs\Python\Python310\lib\tkinter\__init__.py", line 1921, in __call__
    return self.func(*args)
           │    │     └ (<KeyRelease event keysym=w keycode=87 char='w' x=369 y=179>,)
           │    └ <bound method SortingComparisonApp.on_text_edit of <__main__.SortingComparisonApp object at 0x0000018DDA829870>>
           └ <tkinter.CallWrapper object at 0x0000018DDA829B10>

  File "D:\Repoes\LVL4\Bug_Search\Bug_6\main.py", line 89, in on_text_edit
    data = list(map(float, data.split(",")))
                           │    └ <method 'split' of 'str' objects>
                           └ 'dwfefw\n'

ValueError: could not convert string to float: 'dwfefw\n'
2023-10-22 13:25:28.307 | ERROR    | tkinter:__call__:1921 - An error has been caught in function '__call__', process 'MainProcess' (11628), thread 'MainThread' (21096):
Traceback (most recent call last):

  File "D:\Repoes\LVL4\Bug_Search\Bug_6\main.py", line 99, in <module>
    app.root.mainloop()
    │   │    └ <function Misc.mainloop at 0x0000018DD88D7B50>
    │   └ <tkinter.Tk object .>
    └ <__main__.SortingComparisonApp object at 0x0000018DDA829870>

  File "C:\Users\Hyper\AppData\Local\Programs\Python\Python310\lib\tkinter\__init__.py", line 1458, in mainloop
    self.tk.mainloop(n)
    │    │  │        └ 0
    │    │  └ <method 'mainloop' of '_tkinter.tkapp' objects>
    │    └ <_tkinter.tkapp object at 0x0000018DDA76A430>
    └ <tkinter.Tk object .>

> File "C:\Users\Hyper\AppData\Local\Programs\Python\Python310\lib\tkinter\__init__.py", line 1921, in __call__
    return self.func(*args)
           │    │     └ (<KeyRelease event keysym=2 keycode=50 char='2' x=371 y=343>,)
           │    └ <bound method SortingComparisonApp.on_text_edit of <__main__.SortingComparisonApp object at 0x0000018DDA829870>>
           └ <tkinter.CallWrapper object at 0x0000018DDA829B10>

  File "D:\Repoes\LVL4\Bug_Search\Bug_6\main.py", line 89, in on_text_edit
    data = list(map(float, data.split(",")))
                           │    └ <method 'split' of 'str' objects>
                           └ 'dwfefw23\n'

ValueError: could not convert string to float: 'dwfefw23\n'
2023-10-22 13:25:28.336 | ERROR    | tkinter:__call__:1921 - An error has been caught in function '__call__', process 'MainProcess' (11628), thread 'MainThread' (21096):
Traceback (most recent call last):

  File "D:\Repoes\LVL4\Bug_Search\Bug_6\main.py", line 99, in <module>
    app.root.mainloop()
    │   │    └ <function Misc.mainloop at 0x0000018DD88D7B50>
    │   └ <tkinter.Tk object .>
    └ <__main__.SortingComparisonApp object at 0x0000018DDA829870>

  File "C:\Users\Hyper\AppData\Local\Programs\Python\Python310\lib\tkinter\__init__.py", line 1458, in mainloop
    self.tk.mainloop(n)
    │    │  │        └ 0
    │    │  └ <method 'mainloop' of '_tkinter.tkapp' objects>
    │    └ <_tkinter.tkapp object at 0x0000018DDA76A430>
    └ <tkinter.Tk object .>

> File "C:\Users\Hyper\AppData\Local\Programs\Python\Python310\lib\tkinter\__init__.py", line 1921, in __call__
    return self.func(*args)
           │    │     └ (<KeyRelease event keysym=3 keycode=51 char='3' x=371 y=357>,)
           │    └ <bound method SortingComparisonApp.on_text_edit of <__main__.SortingComparisonApp object at 0x0000018DDA829870>>
           └ <tkinter.CallWrapper object at 0x0000018DDA829B10>

  File "D:\Repoes\LVL4\Bug_Search\Bug_6\main.py", line 89, in on_text_edit
    data = list(map(float, data.split(",")))
                           │    └ <method 'split' of 'str' objects>
                           └ 'dwfefw23\n'

ValueError: could not convert string to float: 'dwfefw23\n'
2023-10-22 13:25:28.883 | SUCCESS  | __main__:run_sorting:84 - Сравнение сортировки завершено.
2023-10-22 13:25:30.016 | SUCCESS  | __main__:run_sorting:84 - Сравнение сортировки завершено.
2023-10-22 13:26:09.472 | INFO     | __main__:create_random_list:45 - Создан новый случайный список.
2023-10-22 13:26:10.373 | SUCCESS  | __main__:run_sorting:84 - Сравнение сортировки завершено.
2023-10-22 13:36:27.736 | INFO     | __main__:create_random_list:45 - Создан новый случайный список.
2023-10-22 13:36:28.448 | SUCCESS  | __main__:run_sorting:84 - Сравнение сортировки завершено.
2023-10-22 13:36:34.551 | INFO     | __main__:create_random_list:45 - Создан новый случайный список.
2023-10-22 13:36:34.740 | INFO     | __main__:create_random_list:45 - Создан новый случайный список.
2023-10-22 13:36:34.905 | INFO     | __main__:create_random_list:45 - Создан новый случайный список.
2023-10-22 13:36:35.118 | INFO     | __main__:create_random_list:45 - Создан новый случайный список.
2023-10-22 13:36:35.357 | INFO     | __main__:create_random_list:45 - Создан новый случайный список.
2023-10-22 13:36:35.571 | INFO     | __main__:create_random_list:45 - Создан новый случайный список.
2023-10-22 13:36:35.840 | INFO     | __main__:create_random_list:45 - Создан новый случайный список.
2023-10-22 13:36:37.222 | SUCCESS  | __main__:run_sorting:84 - Сравнение сортировки завершено.
2023-10-22 13:37:25.437 | SUCCESS  | __main__:run_sorting:84 - Сравнение сортировки завершено.
2023-10-22 13:37:26.248 | SUCCESS  | __main__:run_sorting:84 - Сравнение сортировки завершено.
2023-10-22 13:37:28.659 | SUCCESS  | __main__:run_sorting:84 - Сравнение сортировки завершено.
2023-10-22 13:37:29.005 | SUCCESS  | __main__:run_sorting:84 - Сравнение сортировки завершено.
2023-10-22 13:37:29.405 | SUCCESS  | __main__:run_sorting:84 - Сравнение сортировки завершено.
2023-10-22 13:37:29.771 | SUCCESS  | __main__:run_sorting:84 - Сравнение сортировки завершено.
2023-10-22 13:38:19.175 | ERROR    | tkinter:__call__:1921 - An error has been caught in function '__call__', process 'MainProcess' (22920), thread 'MainThread' (8876):
Traceback (most recent call last):

  File "D:\Repoes\LVL4\Bug_Search\Bug_6\main.py", line 99, in <module>
    app.root.mainloop()
    │   │    └ <function Misc.mainloop at 0x0000022BBBBC7B50>
    │   └ <tkinter.Tk object .>
    └ <__main__.SortingComparisonApp object at 0x0000022BBDAF9870>

  File "C:\Users\Hyper\AppData\Local\Programs\Python\Python310\lib\tkinter\__init__.py", line 1458, in mainloop
    self.tk.mainloop(n)
    │    │  │        └ 0
    │    │  └ <method 'mainloop' of '_tkinter.tkapp' objects>
    │    └ <_tkinter.tkapp object at 0x0000022BBDA3A4B0>
    └ <tkinter.Tk object .>

> File "C:\Users\Hyper\AppData\Local\Programs\Python\Python310\lib\tkinter\__init__.py", line 1921, in __call__
    return self.func(*args)
           │    │     └ (<KeyRelease event keysym=Escape keycode=27 x=1357 y=223>,)
           │    └ <bound method SortingComparisonApp.on_text_edit of <__main__.SortingComparisonApp object at 0x0000022BBDAF9870>>
           └ <tkinter.CallWrapper object at 0x0000022BBDAF9B10>

  File "D:\Repoes\LVL4\Bug_Search\Bug_6\main.py", line 89, in on_text_edit
    data = list(map(float, data.split(",")))
                           │    └ <method 'split' of 'str' objects>
                           └ '\n'

ValueError: could not convert string to float: '\n'
2023-10-22 14:15:02.854 | SUCCESS  | __main__:run_sorting:85 - Сравнение сортировки завершено.
2023-10-22 14:15:03.824 | SUCCESS  | __main__:run_sorting:85 - Сравнение сортировки завершено.
2023-10-22 14:15:04.307 | SUCCESS  | __main__:run_sorting:85 - Сравнение сортировки завершено.
2023-10-22 14:15:05.220 | INFO     | __main__:create_random_list:46 - Создан новый случайный список.
2023-10-22 14:15:06.460 | SUCCESS  | __main__:run_sorting:85 - Сравнение сортировки завершено.
2023-10-22 14:15:07.480 | SUCCESS  | __main__:run_sorting:85 - Сравнение сортировки завершено.
2023-10-22 14:15:08.056 | SUCCESS  | __main__:run_sorting:85 - Сравнение сортировки завершено.
2023-10-22 14:15:26.526 | INFO     | __main__:create_random_list:46 - Создан новый случайный список.
2023-10-22 14:15:28.224 | SUCCESS  | __main__:run_sorting:85 - Сравнение сортировки завершено.
2023-10-22 14:15:54.321 | INFO     | __main__:create_random_list:46 - Создан новый случайный список.
2023-10-22 14:18:16.291 | INFO     | __main__:create_random_list:46 - Создан новый случайный список.
2023-10-22 14:18:17.605 | ERROR    | __main__:run_sorting:71 - An error has been caught in function 'run_sorting', process 'MainProcess' (22112), thread 'MainThread' (18188):
Traceback (most recent call last):

  File "D:\Repoes\LVL4\Bug_Search\Bug_6\main.py", line 103, in <module>
    app.root.mainloop()
    │   │    └ <function Misc.mainloop at 0x0000026752907AC0>
    │   └ <tkinter.Tk object .>
    └ <__main__.SortingComparisonApp object at 0x0000026754C19E40>

  File "C:\Users\Hyper\AppData\Local\Programs\Python\Python310\lib\tkinter\__init__.py", line 1458, in mainloop
    self.tk.mainloop(n)
    │    │  │        └ 0
    │    │  └ <method 'mainloop' of '_tkinter.tkapp' objects>
    │    └ <_tkinter.tkapp object at 0x0000026754756530>
    └ <tkinter.Tk object .>

  File "C:\Users\Hyper\AppData\Local\Programs\Python\Python310\lib\tkinter\__init__.py", line 1921, in __call__
    return self.func(*args)
           │    │     └ ()
           │    └ <bound method SortingComparisonApp.run_sorting of <__main__.SortingComparisonApp object at 0x0000026754C19E40>>
           └ <tkinter.CallWrapper object at 0x0000026754C1A260>

> File "D:\Repoes\LVL4\Bug_Search\Bug_6\main.py", line 71, in run_sorting
    bf = self.bubble_sort(self.my_list[:])
         │    │           │    └ [356, 835, 900, 160, 920, 913, 959, 614, 4, 531, 988, 125, 122, 817, 612, 907, 913, 527, 528, 681, 440, 977, 112, 431, 372, 4...
         │    │           └ <__main__.SortingComparisonApp object at 0x0000026754C19E40>
         │    └ <function SortingComparisonApp.bubble_sort at 0x0000026754C31C60>
         └ <__main__.SortingComparisonApp object at 0x0000026754C19E40>

  File "D:\Repoes\LVL4\Bug_Search\Bug_6\main.py", line 53, in bubble_sort
    if data[j] < data[j + 1]:
       │    │    │    └ 999
       │    │    └ [835, 900, 356, 920, 913, 959, 614, 160, 531, 988, 125, 122, 817, 612, 907, 913, 527, 528, 681, 440, 977, 112, 431, 372, 478,...
       │    └ 999
       └ [835, 900, 356, 920, 913, 959, 614, 160, 531, 988, 125, 122, 817, 612, 907, 913, 527, 528, 681, 440, 977, 112, 431, 372, 478,...

IndexError: list index out of range
2023-10-22 14:18:17.623 | ERROR    | tkinter:__call__:1921 - An error has been caught in function '__call__', process 'MainProcess' (22112), thread 'MainThread' (18188):
Traceback (most recent call last):

  File "D:\Repoes\LVL4\Bug_Search\Bug_6\main.py", line 103, in <module>
    app.root.mainloop()
    │   │    └ <function Misc.mainloop at 0x0000026752907AC0>
    │   └ <tkinter.Tk object .>
    └ <__main__.SortingComparisonApp object at 0x0000026754C19E40>

  File "C:\Users\Hyper\AppData\Local\Programs\Python\Python310\lib\tkinter\__init__.py", line 1458, in mainloop
    self.tk.mainloop(n)
    │    │  │        └ 0
    │    │  └ <method 'mainloop' of '_tkinter.tkapp' objects>
    │    └ <_tkinter.tkapp object at 0x0000026754756530>
    └ <tkinter.Tk object .>

> File "C:\Users\Hyper\AppData\Local\Programs\Python\Python310\lib\tkinter\__init__.py", line 1921, in __call__
    return self.func(*args)
           │    │     └ ()
           │    └ <bound method SortingComparisonApp.run_sorting of <__main__.SortingComparisonApp object at 0x0000026754C19E40>>
           └ <tkinter.CallWrapper object at 0x0000026754C1A260>

  File "D:\Repoes\LVL4\Bug_Search\Bug_6\main.py", line 83, in run_sorting
    self.bubble_final_text.insert("1.0", bf)
    │    │                 │             └ None
    │    │                 └ <function Text.insert at 0x0000026752911360>
    │    └ <tkinter.Text object .!text2>
    └ <__main__.SortingComparisonApp object at 0x0000026754C19E40>

  File "C:\Users\Hyper\AppData\Local\Programs\Python\Python310\lib\tkinter\__init__.py", line 3782, in insert
    self.tk.call((self._w, 'insert', index, chars) + args)
    │    │  │     │    │             │      │        └ ()
    │    │  │     │    │             │      └ None
    │    │  │     │    │             └ '1.0'
    │    │  │     │    └ '.!text2'
    │    │  │     └ <tkinter.Text object .!text2>
    │    │  └ <method 'call' of '_tkinter.tkapp' objects>
    │    └ <_tkinter.tkapp object at 0x0000026754756530>
    └ <tkinter.Text object .!text2>

_tkinter.TclError: wrong # args: should be ".!text2 insert index chars ?tagList chars tagList ...?"
2023-10-22 14:18:19.759 | ERROR    | __main__:run_sorting:71 - An error has been caught in function 'run_sorting', process 'MainProcess' (22112), thread 'MainThread' (18188):
Traceback (most recent call last):

  File "D:\Repoes\LVL4\Bug_Search\Bug_6\main.py", line 103, in <module>
    app.root.mainloop()
    │   │    └ <function Misc.mainloop at 0x0000026752907AC0>
    │   └ <tkinter.Tk object .>
    └ <__main__.SortingComparisonApp object at 0x0000026754C19E40>

  File "C:\Users\Hyper\AppData\Local\Programs\Python\Python310\lib\tkinter\__init__.py", line 1458, in mainloop
    self.tk.mainloop(n)
    │    │  │        └ 0
    │    │  └ <method 'mainloop' of '_tkinter.tkapp' objects>
    │    └ <_tkinter.tkapp object at 0x0000026754756530>
    └ <tkinter.Tk object .>

  File "C:\Users\Hyper\AppData\Local\Programs\Python\Python310\lib\tkinter\__init__.py", line 1921, in __call__
    return self.func(*args)
           │    │     └ ()
           │    └ <bound method SortingComparisonApp.run_sorting of <__main__.SortingComparisonApp object at 0x0000026754C19E40>>
           └ <tkinter.CallWrapper object at 0x0000026754C1A260>

> File "D:\Repoes\LVL4\Bug_Search\Bug_6\main.py", line 71, in run_sorting
    bf = self.bubble_sort(self.my_list[:])
         │    │           │    └ [356, 835, 900, 160, 920, 913, 959, 614, 4, 531, 988, 125, 122, 817, 612, 907, 913, 527, 528, 681, 440, 977, 112, 431, 372, 4...
         │    │           └ <__main__.SortingComparisonApp object at 0x0000026754C19E40>
         │    └ <function SortingComparisonApp.bubble_sort at 0x0000026754C31C60>
         └ <__main__.SortingComparisonApp object at 0x0000026754C19E40>

  File "D:\Repoes\LVL4\Bug_Search\Bug_6\main.py", line 53, in bubble_sort
    if data[j] < data[j + 1]:
       │    │    │    └ 999
       │    │    └ [835, 900, 356, 920, 913, 959, 614, 160, 531, 988, 125, 122, 817, 612, 907, 913, 527, 528, 681, 440, 977, 112, 431, 372, 478,...
       │    └ 999
       └ [835, 900, 356, 920, 913, 959, 614, 160, 531, 988, 125, 122, 817, 612, 907, 913, 527, 528, 681, 440, 977, 112, 431, 372, 478,...

IndexError: list index out of range
2023-10-22 14:18:19.763 | ERROR    | tkinter:__call__:1921 - An error has been caught in function '__call__', process 'MainProcess' (22112), thread 'MainThread' (18188):
Traceback (most recent call last):

  File "D:\Repoes\LVL4\Bug_Search\Bug_6\main.py", line 103, in <module>
    app.root.mainloop()
    │   │    └ <function Misc.mainloop at 0x0000026752907AC0>
    │   └ <tkinter.Tk object .>
    └ <__main__.SortingComparisonApp object at 0x0000026754C19E40>

  File "C:\Users\Hyper\AppData\Local\Programs\Python\Python310\lib\tkinter\__init__.py", line 1458, in mainloop
    self.tk.mainloop(n)
    │    │  │        └ 0
    │    │  └ <method 'mainloop' of '_tkinter.tkapp' objects>
    │    └ <_tkinter.tkapp object at 0x0000026754756530>
    └ <tkinter.Tk object .>

> File "C:\Users\Hyper\AppData\Local\Programs\Python\Python310\lib\tkinter\__init__.py", line 1921, in __call__
    return self.func(*args)
           │    │     └ ()
           │    └ <bound method SortingComparisonApp.run_sorting of <__main__.SortingComparisonApp object at 0x0000026754C19E40>>
           └ <tkinter.CallWrapper object at 0x0000026754C1A260>

  File "D:\Repoes\LVL4\Bug_Search\Bug_6\main.py", line 83, in run_sorting
    self.bubble_final_text.insert("1.0", bf)
    │    │                 │             └ None
    │    │                 └ <function Text.insert at 0x0000026752911360>
    │    └ <tkinter.Text object .!text2>
    └ <__main__.SortingComparisonApp object at 0x0000026754C19E40>

  File "C:\Users\Hyper\AppData\Local\Programs\Python\Python310\lib\tkinter\__init__.py", line 3782, in insert
    self.tk.call((self._w, 'insert', index, chars) + args)
    │    │  │     │    │             │      │        └ ()
    │    │  │     │    │             │      └ None
    │    │  │     │    │             └ '1.0'
    │    │  │     │    └ '.!text2'
    │    │  │     └ <tkinter.Text object .!text2>
    │    │  └ <method 'call' of '_tkinter.tkapp' objects>
    │    └ <_tkinter.tkapp object at 0x0000026754756530>
    └ <tkinter.Text object .!text2>

_tkinter.TclError: wrong # args: should be ".!text2 insert index chars ?tagList chars tagList ...?"
2023-10-22 14:18:20.426 | INFO     | __main__:create_random_list:46 - Создан новый случайный список.
2023-10-22 14:18:20.738 | INFO     | __main__:create_random_list:46 - Создан новый случайный список.
2023-10-22 14:18:22.168 | ERROR    | __main__:run_sorting:71 - An error has been caught in function 'run_sorting', process 'MainProcess' (22112), thread 'MainThread' (18188):
Traceback (most recent call last):

  File "D:\Repoes\LVL4\Bug_Search\Bug_6\main.py", line 103, in <module>
    app.root.mainloop()
    │   │    └ <function Misc.mainloop at 0x0000026752907AC0>
    │   └ <tkinter.Tk object .>
    └ <__main__.SortingComparisonApp object at 0x0000026754C19E40>

  File "C:\Users\Hyper\AppData\Local\Programs\Python\Python310\lib\tkinter\__init__.py", line 1458, in mainloop
    self.tk.mainloop(n)
    │    │  │        └ 0
    │    │  └ <method 'mainloop' of '_tkinter.tkapp' objects>
    │    └ <_tkinter.tkapp object at 0x0000026754756530>
    └ <tkinter.Tk object .>

  File "C:\Users\Hyper\AppData\Local\Programs\Python\Python310\lib\tkinter\__init__.py", line 1921, in __call__
    return self.func(*args)
           │    │     └ ()
           │    └ <bound method SortingComparisonApp.run_sorting of <__main__.SortingComparisonApp object at 0x0000026754C19E40>>
           └ <tkinter.CallWrapper object at 0x0000026754C1A260>

> File "D:\Repoes\LVL4\Bug_Search\Bug_6\main.py", line 71, in run_sorting
    bf = self.bubble_sort(self.my_list[:])
         │    │           │    └ [776, 847, 535, 696, 142, 652, 539, 863, 276, 429, 115, 197, 670, 975, 779, 852, 516, 781, 517, 902, 528, 669, 722, 975, 587,...
         │    │           └ <__main__.SortingComparisonApp object at 0x0000026754C19E40>
         │    └ <function SortingComparisonApp.bubble_sort at 0x0000026754C31C60>
         └ <__main__.SortingComparisonApp object at 0x0000026754C19E40>

  File "D:\Repoes\LVL4\Bug_Search\Bug_6\main.py", line 53, in bubble_sort
    if data[j] < data[j + 1]:
       │    │    │    └ 999
       │    │    └ [847, 776, 696, 535, 652, 539, 863, 276, 429, 142, 197, 670, 975, 779, 852, 516, 781, 517, 902, 528, 669, 722, 975, 587, 760,...
       │    └ 999
       └ [847, 776, 696, 535, 652, 539, 863, 276, 429, 142, 197, 670, 975, 779, 852, 516, 781, 517, 902, 528, 669, 722, 975, 587, 760,...

IndexError: list index out of range
2023-10-22 14:18:22.172 | ERROR    | tkinter:__call__:1921 - An error has been caught in function '__call__', process 'MainProcess' (22112), thread 'MainThread' (18188):
Traceback (most recent call last):

  File "D:\Repoes\LVL4\Bug_Search\Bug_6\main.py", line 103, in <module>
    app.root.mainloop()
    │   │    └ <function Misc.mainloop at 0x0000026752907AC0>
    │   └ <tkinter.Tk object .>
    └ <__main__.SortingComparisonApp object at 0x0000026754C19E40>

  File "C:\Users\Hyper\AppData\Local\Programs\Python\Python310\lib\tkinter\__init__.py", line 1458, in mainloop
    self.tk.mainloop(n)
    │    │  │        └ 0
    │    │  └ <method 'mainloop' of '_tkinter.tkapp' objects>
    │    └ <_tkinter.tkapp object at 0x0000026754756530>
    └ <tkinter.Tk object .>

> File "C:\Users\Hyper\AppData\Local\Programs\Python\Python310\lib\tkinter\__init__.py", line 1921, in __call__
    return self.func(*args)
           │    │     └ ()
           │    └ <bound method SortingComparisonApp.run_sorting of <__main__.SortingComparisonApp object at 0x0000026754C19E40>>
           └ <tkinter.CallWrapper object at 0x0000026754C1A260>

  File "D:\Repoes\LVL4\Bug_Search\Bug_6\main.py", line 83, in run_sorting
    self.bubble_final_text.insert("1.0", bf)
    │    │                 │             └ None
    │    │                 └ <function Text.insert at 0x0000026752911360>
    │    └ <tkinter.Text object .!text2>
    └ <__main__.SortingComparisonApp object at 0x0000026754C19E40>

  File "C:\Users\Hyper\AppData\Local\Programs\Python\Python310\lib\tkinter\__init__.py", line 3782, in insert
    self.tk.call((self._w, 'insert', index, chars) + args)
    │    │  │     │    │             │      │        └ ()
    │    │  │     │    │             │      └ None
    │    │  │     │    │             └ '1.0'
    │    │  │     │    └ '.!text2'
    │    │  │     └ <tkinter.Text object .!text2>
    │    │  └ <method 'call' of '_tkinter.tkapp' objects>
    │    └ <_tkinter.tkapp object at 0x0000026754756530>
    └ <tkinter.Text object .!text2>

_tkinter.TclError: wrong # args: should be ".!text2 insert index chars ?tagList chars tagList ...?"
2023-10-22 14:18:22.557 | ERROR    | __main__:run_sorting:71 - An error has been caught in function 'run_sorting', process 'MainProcess' (22112), thread 'MainThread' (18188):
Traceback (most recent call last):

  File "D:\Repoes\LVL4\Bug_Search\Bug_6\main.py", line 103, in <module>
    app.root.mainloop()
    │   │    └ <function Misc.mainloop at 0x0000026752907AC0>
    │   └ <tkinter.Tk object .>
    └ <__main__.SortingComparisonApp object at 0x0000026754C19E40>

  File "C:\Users\Hyper\AppData\Local\Programs\Python\Python310\lib\tkinter\__init__.py", line 1458, in mainloop
    self.tk.mainloop(n)
    │    │  │        └ 0
    │    │  └ <method 'mainloop' of '_tkinter.tkapp' objects>
    │    └ <_tkinter.tkapp object at 0x0000026754756530>
    └ <tkinter.Tk object .>

  File "C:\Users\Hyper\AppData\Local\Programs\Python\Python310\lib\tkinter\__init__.py", line 1921, in __call__
    return self.func(*args)
           │    │     └ ()
           │    └ <bound method SortingComparisonApp.run_sorting of <__main__.SortingComparisonApp object at 0x0000026754C19E40>>
           └ <tkinter.CallWrapper object at 0x0000026754C1A260>

> File "D:\Repoes\LVL4\Bug_Search\Bug_6\main.py", line 71, in run_sorting
    bf = self.bubble_sort(self.my_list[:])
         │    │           │    └ [776, 847, 535, 696, 142, 652, 539, 863, 276, 429, 115, 197, 670, 975, 779, 852, 516, 781, 517, 902, 528, 669, 722, 975, 587,...
         │    │           └ <__main__.SortingComparisonApp object at 0x0000026754C19E40>
         │    └ <function SortingComparisonApp.bubble_sort at 0x0000026754C31C60>
         └ <__main__.SortingComparisonApp object at 0x0000026754C19E40>

  File "D:\Repoes\LVL4\Bug_Search\Bug_6\main.py", line 53, in bubble_sort
    if data[j] < data[j + 1]:
       │    │    │    └ 999
       │    │    └ [847, 776, 696, 535, 652, 539, 863, 276, 429, 142, 197, 670, 975, 779, 852, 516, 781, 517, 902, 528, 669, 722, 975, 587, 760,...
       │    └ 999
       └ [847, 776, 696, 535, 652, 539, 863, 276, 429, 142, 197, 670, 975, 779, 852, 516, 781, 517, 902, 528, 669, 722, 975, 587, 760,...

IndexError: list index out of range
2023-10-22 14:18:22.561 | ERROR    | tkinter:__call__:1921 - An error has been caught in function '__call__', process 'MainProcess' (22112), thread 'MainThread' (18188):
Traceback (most recent call last):

  File "D:\Repoes\LVL4\Bug_Search\Bug_6\main.py", line 103, in <module>
    app.root.mainloop()
    │   │    └ <function Misc.mainloop at 0x0000026752907AC0>
    │   └ <tkinter.Tk object .>
    └ <__main__.SortingComparisonApp object at 0x0000026754C19E40>

  File "C:\Users\Hyper\AppData\Local\Programs\Python\Python310\lib\tkinter\__init__.py", line 1458, in mainloop
    self.tk.mainloop(n)
    │    │  │        └ 0
    │    │  └ <method 'mainloop' of '_tkinter.tkapp' objects>
    │    └ <_tkinter.tkapp object at 0x0000026754756530>
    └ <tkinter.Tk object .>

> File "C:\Users\Hyper\AppData\Local\Programs\Python\Python310\lib\tkinter\__init__.py", line 1921, in __call__
    return self.func(*args)
           │    │     └ ()
           │    └ <bound method SortingComparisonApp.run_sorting of <__main__.SortingComparisonApp object at 0x0000026754C19E40>>
           └ <tkinter.CallWrapper object at 0x0000026754C1A260>

  File "D:\Repoes\LVL4\Bug_Search\Bug_6\main.py", line 83, in run_sorting
    self.bubble_final_text.insert("1.0", bf)
    │    │                 │             └ None
    │    │                 └ <function Text.insert at 0x0000026752911360>
    │    └ <tkinter.Text object .!text2>
    └ <__main__.SortingComparisonApp object at 0x0000026754C19E40>

  File "C:\Users\Hyper\AppData\Local\Programs\Python\Python310\lib\tkinter\__init__.py", line 3782, in insert
    self.tk.call((self._w, 'insert', index, chars) + args)
    │    │  │     │    │             │      │        └ ()
    │    │  │     │    │             │      └ None
    │    │  │     │    │             └ '1.0'
    │    │  │     │    └ '.!text2'
    │    │  │     └ <tkinter.Text object .!text2>
    │    │  └ <method 'call' of '_tkinter.tkapp' objects>
    │    └ <_tkinter.tkapp object at 0x0000026754756530>
    └ <tkinter.Text object .!text2>

_tkinter.TclError: wrong # args: should be ".!text2 insert index chars ?tagList chars tagList ...?"
2023-10-22 14:28:20.337 | SUCCESS  | __main__:run_sorting:88 - Сравнение сортировки завершено.
